<?xml version="1.0" encoding="utf-8"?><testsuites><testsuite name="pytest" errors="0" failures="0" skipped="0" tests="15" time="0.197" timestamp="2024-08-05T13:44:12.524933+02:00" hostname="amir-HP-Pavilion-Gaming-Laptop-15-ec2xxx"><testcase classname="tests.grid.test_grid.TestGrid" name="test_init" time="0.001" /><testcase classname="tests.grid.test_grid.TestGrid" name="test_1d_success[inputs0]" time="0.001" /><testcase classname="tests.grid.test_grid.TestGrid" name="test_1d_fail[inputs0]" time="0.001" /><testcase classname="tests.grid.test_grid.TestGrid" name="test_1d_fail[inputs1]" time="0.000" /><testcase classname="tests.grid.test_grid.TestGrid" name="test_1d_fail[inputs2]" time="0.000" /><testcase classname="tests.grid.test_grid.TestGrid" name="test_1d_fail[inputs3]" time="0.000" /><testcase classname="tests.grid.test_grid.TestGrid" name="test_1d_fail[inputs4]" time="0.000" /><testcase classname="tests.grid.test_grid.TestGrid" name="test_1d_fail[inputs5]" time="0.001" /><testcase classname="tests.grid.test_grid.TestGrid" name="test_1d_fail[inputs6]" time="0.001" /><testcase classname="tests.grid.test_grid.TestGrid" name="test_1d_fail[inputs7]" time="0.001" /><testcase classname="tests.grid.test_grid.TestGrid" name="test_1d_fail[inputs8]" time="0.001" /><testcase classname="tests.grid.test_grid.TestGrid" name="test_1d_fail[inputs9]" time="0.001" /><testcase classname="tests.grid.test_grid.TestGrid" name="test_1d_fail[inputs10]" time="0.001" /><testcase classname="tests.grid.test_grid.TestGrid" name="test_1d_fail[inputs11]" time="0.001" /><testcase classname="tests.grid.test_grid.TestGrid" name="test_1d_fail[inputs12]" time="0.001" /></testsuite></testsuites>